c:\users\user\desktop\nicky\nus\tic2003 software development project\workspace\basicspa\code_group_4\debug\spa.pdb
c:\users\user\desktop\nicky\nus\tic2003 software development project\workspace\basicspa\code_group_4\debug\spa.idb
c:\users\user\desktop\nicky\nus\tic2003 software development project\workspace\basicspa\code_group_4\spa\debug\tokenizer.obj
c:\users\user\desktop\nicky\nus\tic2003 software development project\workspace\basicspa\code_group_4\spa\debug\database.obj
c:\users\user\desktop\nicky\nus\tic2003 software development project\workspace\basicspa\code_group_4\spa\debug\sourceprocessor.obj
c:\users\user\desktop\nicky\nus\tic2003 software development project\workspace\basicspa\code_group_4\spa\debug\queryprocessor.obj
c:\users\user\desktop\nicky\nus\tic2003 software development project\workspace\basicspa\code_group_4\spa\debug\sqlite3.obj
c:\users\user\desktop\nicky\nus\tic2003 software development project\workspace\basicspa\code_group_4\debug\spa.lib
c:\users\user\desktop\nicky\nus\tic2003 software development project\workspace\basicspa\code_group_4\spa\debug\database.nativecodeanalysis.xml
c:\users\user\desktop\nicky\nus\tic2003 software development project\workspace\basicspa\code_group_4\spa\debug\queryprocessor.nativecodeanalysis.xml
c:\users\user\desktop\nicky\nus\tic2003 software development project\workspace\basicspa\code_group_4\spa\debug\sourceprocessor.nativecodeanalysis.xml
c:\users\user\desktop\nicky\nus\tic2003 software development project\workspace\basicspa\code_group_4\spa\debug\sqlite3.nativecodeanalysis.xml
c:\users\user\desktop\nicky\nus\tic2003 software development project\workspace\basicspa\code_group_4\spa\debug\tokenizer.nativecodeanalysis.xml
c:\users\user\desktop\nicky\nus\tic2003 software development project\workspace\basicspa\code_group_4\spa\debug\vc.nativecodeanalysis.all.xml
c:\users\user\desktop\nicky\nus\tic2003 software development project\workspace\basicspa\code_group_4\spa\debug\spa.tlog\cl.command.1.tlog
c:\users\user\desktop\nicky\nus\tic2003 software development project\workspace\basicspa\code_group_4\spa\debug\spa.tlog\cl.read.1.tlog
c:\users\user\desktop\nicky\nus\tic2003 software development project\workspace\basicspa\code_group_4\spa\debug\spa.tlog\cl.write.1.tlog
c:\users\user\desktop\nicky\nus\tic2003 software development project\workspace\basicspa\code_group_4\spa\debug\spa.tlog\lib-link.read.1.tlog
c:\users\user\desktop\nicky\nus\tic2003 software development project\workspace\basicspa\code_group_4\spa\debug\spa.tlog\lib-link.write.1.tlog
c:\users\user\desktop\nicky\nus\tic2003 software development project\workspace\basicspa\code_group_4\spa\debug\spa.tlog\lib.command.1.tlog
